{"level":"error","message":"Error 400: Unexpected token } in JSON at position 61","timestamp":"2024-05-25T04:44:20.711Z"}
{"level":"error","message":"Error 500: E11000 duplicate key error collection: app-cua.CrabTypes index: name_1 dup key: { name: \"Cua Y1\" }","timestamp":"2024-05-25T05:06:05.471Z"}
{"level":"error","message":"Error 401: Crab type name already exists for this depot!","timestamp":"2024-05-25T05:08:49.317Z"}
{"level":"error","message":"Error 500: Cannot access 'user' before initialization","timestamp":"2024-05-25T05:09:08.936Z"}
{"level":"error","message":"Error 500: Cannot access 'user' before initialization","timestamp":"2024-05-25T05:09:20.800Z"}
{"level":"error","message":"Error 500: Cannot access 'user' before initialization","timestamp":"2024-05-25T05:10:05.816Z"}
{"level":"error","message":"Error 500: Cannot access 'user' before initialization","timestamp":"2024-05-25T05:10:24.579Z"}
{"level":"error","message":"Error 500: Cannot access 'user' before initialization","timestamp":"2024-05-25T05:10:29.286Z"}
{"level":"error","message":"Error 500: Cannot access 'user' before initialization","timestamp":"2024-05-25T05:10:35.497Z"}
{"level":"error","message":"Error 401: User already exists!","timestamp":"2024-05-25T05:18:40.885Z"}
{"level":"error","message":"Error 500: E11000 duplicate key error collection: app-cua.CrabTypes index: name_1 dup key: { name: \"Cua Y2\" }","timestamp":"2024-05-25T05:21:10.544Z"}
{"level":"error","message":"Error 401: Crab type name already exists for this depot!","timestamp":"2024-05-25T05:21:36.302Z"}
{"level":"error","message":"Error 500: E11000 duplicate key error collection: app-cua.CrabTypes index: name_1 dup key: { name: \"Cua Y2\" }","timestamp":"2024-05-25T05:21:48.320Z"}
{"level":"error","message":"Error 500: E11000 duplicate key error collection: app-cua.CrabTypes index: name_1 dup key: { name: \"Cua Y2\" }","timestamp":"2024-05-25T05:22:52.068Z"}
{"level":"error","message":"Error 401: Crab type name already exists for this depot!","timestamp":"2024-05-25T05:25:35.083Z"}
{"level":"error","message":"Error 401: Crab type name already exists for this depot!","timestamp":"2024-05-25T05:25:42.048Z"}
{"level":"error","message":"Error 401: Update crab type failed!","timestamp":"2024-05-25T05:42:37.836Z"}
{"level":"error","message":"Error 401: Crab type name already exists for this depot!","timestamp":"2024-05-25T05:43:22.730Z"}
{"level":"error","message":"Error 401: Crab type can not find!","timestamp":"2024-05-25T05:43:44.927Z"}
{"level":"error","message":"Error 401: Crab type can not find!","timestamp":"2024-05-25T05:43:54.563Z"}
{"level":"error","message":"Error 401: Crab type can not find!","timestamp":"2024-05-25T05:44:03.777Z"}
{"level":"error","message":"Error 401: Crab type can not find!","timestamp":"2024-05-25T05:44:06.629Z"}
{"level":"error","message":"Error 401: Crab type can not find!","timestamp":"2024-05-25T05:44:51.452Z"}
{"level":"error","message":"Error 401: Trader name already exists for this depot!","timestamp":"2024-05-25T05:56:36.745Z"}
{"level":"error","message":"Error 401: Trader name already exists for this depot!","timestamp":"2024-05-25T06:05:50.877Z"}
{"level":"error","message":"Error 401: Trader not found!","timestamp":"2024-05-25T09:40:03.869Z"}
{"level":"error","message":"Error 500: Cannot read properties of undefined (reading 'map')","timestamp":"2024-05-25T09:41:04.495Z"}
{"level":"error","message":"Error 401: Crab type name already exists for this depot!","timestamp":"2024-05-25T09:42:11.282Z"}
{"level":"error","message":"Error 401: Trader not found!","timestamp":"2024-05-25T09:55:49.308Z"}
{"level":"error","message":"Error 401: Trader not found!","timestamp":"2024-05-25T09:56:01.283Z"}
{"level":"error","message":"Error 401: Crab type not found!","timestamp":"2024-05-25T09:56:14.562Z"}
{"level":"error","message":"Error 401: Crab type not found!","timestamp":"2024-05-25T09:56:22.868Z"}
{"level":"error","message":"Error 401: Crab type not found!","timestamp":"2024-05-25T09:57:45.758Z"}
